<?xml version="1.0" encoding="UTF-8"?>
<robot generator="Robot 7.0.1 (Python 3.12.4 on win32)" generated="2025-09-07T00:04:59.786216" rpa="false" schemaversion="5">
<suite id="s1" name="Parabank Home" source="C:\Users\Public\Robot_framework\Web_template\Robot-framework-Web-Automaton-\tests\parabank_home.robot">
<test id="s1-t1" name="Open Parabank Home Page" line="11">
<kw name="Open Browser" owner="SeleniumLibrary">
<msg time="2025-09-07T00:05:00.135362" level="INFO">Opening browser 'Chrome' to base url 'https://parabank.parasoft.com/parabank/index.htm'.</msg>
<arg>${URL}</arg>
<arg>${BROWSER}</arg>
<doc>Opens a new browser instance to the optional ``url``.</doc>
<status status="PASS" start="2025-09-07T00:05:00.135362" elapsed="12.861269"/>
</kw>
<kw name="Maximize Browser Window" owner="SeleniumLibrary">
<doc>Maximizes current browser window.</doc>
<status status="PASS" start="2025-09-07T00:05:12.996631" elapsed="0.048127"/>
</kw>
<kw name="Sleep" owner="BuiltIn">
<msg time="2025-09-07T00:05:28.045810" level="INFO">Slept 15 seconds.</msg>
<arg>15s</arg>
<doc>Pauses the test executed for the given time.</doc>
<status status="PASS" start="2025-09-07T00:05:13.044758" elapsed="15.001052"/>
</kw>
<kw name="Capture Page Screenshot" owner="SeleniumLibrary">
<msg time="2025-09-07T00:05:28.183543" level="INFO" html="true">&lt;/td&gt;&lt;/tr&gt;&lt;tr&gt;&lt;td colspan="3"&gt;&lt;a href="../resources/locators/parabank_home.png"&gt;&lt;img src="../resources/locators/parabank_home.png" width="800px"&gt;&lt;/a&gt;</msg>
<arg>../resources/locators/parabank_home.png</arg>
<doc>Takes a screenshot of the current page and embeds it into a log file.</doc>
<status status="PASS" start="2025-09-07T00:05:28.045810" elapsed="0.137733"/>
</kw>
<kw name="Close Browser" owner="SeleniumLibrary" type="TEARDOWN">
<doc>Closes the current browser.</doc>
<status status="PASS" start="2025-09-07T00:05:28.183543" elapsed="2.266640"/>
</kw>
<status status="PASS" start="2025-09-07T00:05:00.119388" elapsed="30.330795"/>
</test>
<status status="PASS" start="2025-09-07T00:04:59.791689" elapsed="30.658494"/>
</suite>
<statistics>
<total>
<stat pass="1" fail="0" skip="0">All Tests</stat>
</total>
<tag>
</tag>
<suite>
<stat pass="1" fail="0" skip="0" id="s1" name="Parabank Home">Parabank Home</stat>
</suite>
</statistics>
<errors>
</errors>
</robot>
